
[17-Apr-2023 03:34:13 America/Lima] 2023-04-15
[17-Apr-2023 03:34:13 America/Lima] 2023-04-16
[17-Apr-2023 03:34:13 America/Lima] PHP Fatal error:  Uncaught TypeError: Cannot access offset of type string on string in /home/ganaconos/web/ganaconos.com/public_html/admin/Controllers/UserController.php:153
Stack trace:
#0 /home/ganaconos/web/ganaconos.com/public_html/admin/index.php(44): UserController->ExportExcel()
#1 {main}
  thrown in /home/ganaconos/web/ganaconos.com/public_html/admin/Controllers/UserController.php on line 153
[18-Apr-2023 08:48:03 America/Lima] PHP Fatal error:  Uncaught ArgumentCountError: Too few arguments to function User_model::GetUsers(), 6 passed in /home/ganaconos/web/ganaconos.com/public_html/admin/Controllers/UserController.php on line 72 and exactly 8 expected in /home/ganaconos/web/ganaconos.com/public_html/admin/model/User_model.php:9
Stack trace:
#0 /home/ganaconos/web/ganaconos.com/public_html/admin/Controllers/UserController.php(72): User_model->GetUsers()
#1 /home/ganaconos/web/ganaconos.com/public_html/admin/index.php(44): UserController->Details()
#2 {main}
  thrown in /home/ganaconos/web/ganaconos.com/public_html/admin/model/User_model.php on line 9
[18-Apr-2023 08:49:41 America/Lima] PHP Fatal error:  Uncaught ArgumentCountError: Too few arguments to function User_model::GetUsers(), 6 passed in /home/ganaconos/web/ganaconos.com/public_html/admin/Controllers/UserController.php on line 72 and exactly 8 expected in /home/ganaconos/web/ganaconos.com/public_html/admin/model/User_model.php:9
Stack trace:
#0 /home/ganaconos/web/ganaconos.com/public_html/admin/Controllers/UserController.php(72): User_model->GetUsers()
#1 /home/ganaconos/web/ganaconos.com/public_html/admin/index.php(44): UserController->Details()
#2 {main}
  thrown in /home/ganaconos/web/ganaconos.com/public_html/admin/model/User_model.php on line 9
[18-Apr-2023 08:50:58 America/Lima] PHP Fatal error:  Uncaught ArgumentCountError: Too few arguments to function User_model::GetUsers(), 6 passed in /home/ganaconos/web/ganaconos.com/public_html/admin/Controllers/UserController.php on line 72 and exactly 8 expected in /home/ganaconos/web/ganaconos.com/public_html/admin/model/User_model.php:9
Stack trace:
#0 /home/ganaconos/web/ganaconos.com/public_html/admin/Controllers/UserController.php(72): User_model->GetUsers()
#1 /home/ganaconos/web/ganaconos.com/public_html/admin/index.php(44): UserController->Details()
#2 {main}
  thrown in /home/ganaconos/web/ganaconos.com/public_html/admin/model/User_model.php on line 9
